2025-02-03 20:10:03 INFO  HttpServer:30 - Подключился новый клиент
2025-02-03 20:10:03 INFO  HttpServer:30 - Подключился новый клиент
2025-02-03 20:10:03 INFO  HttpRequest:81 - METHOD: GET
2025-02-03 20:10:03 INFO  HttpRequest:82 - URI: /products
2025-02-03 20:10:03 INFO  HttpRequest:83 - HEADERS: {Accept=*/*, User-Agent=PostmanRuntime/7.43.0, Connection=keep-alive, Postman-Token=8b4f7b20-4a3d-489a-acd1-39dbd00ecb7d, Host=localhost:8189, Accept-Encoding=gzip, deflate, br, Content-Length=47, Content-Type=application/json}
2025-02-03 20:10:03 INFO  HttpRequest:84 - BODY: {
    "title": "MilkShakeWitohutName222344"
}
2025-02-03 20:10:03 DEBUG HttpRequest:85 - Raw request: GET /products HTTP/1.1
Content-Type: application/json
User-Agent: PostmanRuntime/7.43.0
Accept: */*
Postman-Token: 8b4f7b20-4a3d-489a-acd1-39dbd00ecb7d
Host: localhost:8189
Accept-Encoding: gzip, deflate, br
Connection: keep-alive
Content-Length: 47

{
    "title": "MilkShakeWitohutName222344"
}
